#
# There is insufficient memory for the Java Runtime Environment to continue.
# Native memory allocation (mmap) failed to map 266338304 bytes. Error detail: G1 virtual space
# Possible reasons:
#   The system is out of physical RAM or swap space
#   This process is running with CompressedOops enabled, and the Java Heap may be blocking the growth of the native heap
# Possible solutions:
#   Reduce memory load on the system
#   Increase physical memory or swap space
#   Check if swap backing store is full
#   Decrease Java heap size (-Xmx/-Xms)
#   Decrease number of Java threads
#   Decrease Java thread stack sizes (-Xss)
#   Set larger code cache with -XX:ReservedCodeCacheSize=
#   JVM is running with Zero Based Compressed Oops mode in which the Java heap is
#     placed in the first 32GB address space. The Java Heap base address is the
#     maximum limit for the native heap growth. Please use -XX:HeapBaseMinAddress
#     to set the Java Heap base and to place the Java Heap above 32GB virtual address.
# This output file may be truncated or incomplete.
#
#  Out of Memory Error (os_windows.cpp:3679), pid=8108, tid=28380
#
# JRE version:  (17.0.13+11) (build )
# Java VM: OpenJDK 64-Bit Server VM (17.0.13+11-LTS, mixed mode, sharing, tiered, compressed oops, compressed class ptrs, g1 gc, windows-amd64)
# No core dump will be written. Minidumps are not enabled by default on client versions of Windows
#

---------------  S U M M A R Y ------------

Command Line: com.google.prefab.cli.AppKt --build-system cmake --platform android --abi arm64-v8a --os-version 24 --stl c++_shared --ndk-version 26 --output C:\\Users\\sahil\\AppData\\Local\\Temp\\agp-prefab-staging13422152150411516593\\staged-cli-output C:\\Users\\sahil\\.gradle\\caches\\8.10.2\\transforms\\53ca3ec166779873078450fc2e43b919\\transformed\\react-android-0.76.1-debug\\prefab C:\\Users\\sahil\\.gradle\\caches\\8.10.2\\transforms\\a3e9d651bc510bdf1b43157f48206999\\transformed\\hermes-android-0.76.1-debug\\prefab C:\\Users\\sahil\\.gradle\\caches\\8.10.2\\transforms\\eb4b98dea289284ca2b26e9265bd49ab\\transformed\\fbjni-0.6.0\\prefab

Host: 11th Gen Intel(R) Core(TM) i7-11800H @ 2.30GHz, 16 cores, 15G,  Windows 11 , 64 bit Build 22621 (10.0.22621.4391)
Time: Thu Nov 14 20:05:06 2024 India Standard Time elapsed time: 0.009673 seconds (0d 0h 0m 0s)

---------------  T H R E A D  ---------------

Current thread (0x00000270eca11f80):  JavaThread "Unknown thread" [_thread_in_vm, id=28380, stack(0x000000ef09400000,0x000000ef09500000)]

Stack: [0x000000ef09400000,0x000000ef09500000]
Native frames: (J=compiled Java code, j=interpreted, Vv=VM code, C=native code)
V  [jvm.dll+0x687fc9]
V  [jvm.dll+0x83eeb8]
V  [jvm.dll+0x840963]
V  [jvm.dll+0x840fd3]
V  [jvm.dll+0x24951f]
V  [jvm.dll+0x684f89]
V  [jvm.dll+0x6794aa]
V  [jvm.dll+0x30ad27]
V  [jvm.dll+0x312296]
V  [jvm.dll+0x362bde]
V  [jvm.dll+0x362e1d]
V  [jvm.dll+0x2e1fbc]
V  [jvm.dll+0x2e2ed4]
V  [jvm.dll+0x810dbb]
V  [jvm.dll+0x3708f1]
V  [jvm.dll+0x7ef8af]
V  [jvm.dll+0x3f70ef]
V  [jvm.dll+0x3f8c21]
C  [jli.dll+0x52a0]
C  [ucrtbase.dll+0x29333]
C  [KERNEL32.DLL+0x1259d]
C  [ntdll.dll+0x5af38]


---------------  P R O C E S S  ---------------

Threads class SMR info:
_java_thread_list=0x00007fff1441df98, length=0, elements={
}

Java Threads: ( => current thread )

Other Threads:
  0x00000270eca7f520 GCTaskThread "GC Thread#0" [stack: 0x000000ef09500000,0x000000ef09600000] [id=16180]
  0x00000270eca90140 ConcurrentGCThread "G1 Main Marker" [stack: 0x000000ef09600000,0x000000ef09700000] [id=3052]
  0x00000270eca90a70 ConcurrentGCThread "G1 Conc#0" [stack: 0x000000ef09700000,0x000000ef09800000] [id=12320]

[error occurred during error reporting (printing all threads), id 0xc0000005, EXCEPTION_ACCESS_VIOLATION (0xc0000005) at pc=0x00007fff13bd2b17]

VM state: not at safepoint (not fully initialized)

VM Mutex/Monitor currently owned by a thread:  ([mutex/lock_event])
[0x00000270eca0c060] Heap_lock - owner thread: 0x00000270eca11f80

Heap address: 0x0000000702400000, size: 4060 MB, Compressed Oops mode: Zero based, Oop shift amount: 3

CDS archive(s) mapped at: [0x0000000000000000-0x0000000000000000-0x0000000000000000), size 0, SharedBaseAddress: 0x0000000800000000, ArchiveRelocationMode: 1.
Narrow klass base: 0x0000000000000000, Narrow klass shift: 0, Narrow klass range: 0x0

GC Precious Log:
<Empty>

Heap:
 garbage-first heap   total 0K, used 0K [0x0000000702400000, 0x0000000800000000)
  region size 2048K, 0 young (0K), 0 survivors (0K)

[error occurred during error reporting (printing heap information), id 0xc0000005, EXCEPTION_ACCESS_VIOLATION (0xc0000005) at pc=0x00007fff13fc1ba9]

GC Heap History (0 events):
No events

Dll operation events (1 events):
Event: 0.007 Loaded shared library C:\Program Files\Microsoft\jdk-17.0.13.11-hotspot\bin\java.dll

Deoptimization events (0 events):
No events

Classes loaded (0 events):
No events

Classes unloaded (0 events):
No events

Classes redefined (0 events):
No events

Internal exceptions (0 events):
No events

VM Operations (0 events):
No events

Memory protections (0 events):
No events

Nmethod flushes (0 events):
No events

Events (0 events):
No events


Dynamic libraries:
0x00007ff6e6140000 - 0x00007ff6e614e000 	C:\Program Files\Microsoft\jdk-17.0.13.11-hotspot\bin\java.exe
0x00007fff64e50000 - 0x00007fff65067000 	C:\WINDOWS\SYSTEM32\ntdll.dll
0x00007fff638e0000 - 0x00007fff639a4000 	C:\WINDOWS\System32\KERNEL32.DLL
0x00007fff62780000 - 0x00007fff62b39000 	C:\WINDOWS\System32\KERNELBASE.dll
0x00007fff62150000 - 0x00007fff62261000 	C:\WINDOWS\System32\ucrtbase.dll
0x00007fff4b010000 - 0x00007fff4b02d000 	C:\Program Files\Microsoft\jdk-17.0.13.11-hotspot\bin\VCRUNTIME140.dll
0x00007fff52560000 - 0x00007fff52577000 	C:\Program Files\Microsoft\jdk-17.0.13.11-hotspot\bin\jli.dll
0x00007fff63730000 - 0x00007fff638de000 	C:\WINDOWS\System32\USER32.dll
0x00007fff62b40000 - 0x00007fff62b66000 	C:\WINDOWS\System32\win32u.dll
0x00007fff53800000 - 0x00007fff53a92000 	C:\WINDOWS\WinSxS\amd64_microsoft.windows.common-controls_6595b64144ccf1df_6.0.22621.4391_none_2715d37f73803e96\COMCTL32.dll
0x00007fff62b70000 - 0x00007fff62c17000 	C:\WINDOWS\System32\msvcrt.dll
0x00007fff63d00000 - 0x00007fff63d29000 	C:\WINDOWS\System32\GDI32.dll
0x00007fff62270000 - 0x00007fff6238b000 	C:\WINDOWS\System32\gdi32full.dll
0x00007fff62570000 - 0x00007fff6260a000 	C:\WINDOWS\System32\msvcp_win.dll
0x00007fff63e70000 - 0x00007fff63ea1000 	C:\WINDOWS\System32\IMM32.DLL
0x00007fff58c00000 - 0x00007fff58c0c000 	C:\Program Files\Microsoft\jdk-17.0.13.11-hotspot\bin\vcruntime140_1.dll
0x00007fff31c50000 - 0x00007fff31cdd000 	C:\Program Files\Microsoft\jdk-17.0.13.11-hotspot\bin\msvcp140.dll
0x00007fff138e0000 - 0x00007fff14551000 	C:\Program Files\Microsoft\jdk-17.0.13.11-hotspot\bin\server\jvm.dll
0x00007fff63bc0000 - 0x00007fff63c72000 	C:\WINDOWS\System32\ADVAPI32.dll
0x00007fff643e0000 - 0x00007fff64487000 	C:\WINDOWS\System32\sechost.dll
0x00007fff62390000 - 0x00007fff623b8000 	C:\WINDOWS\System32\bcrypt.dll
0x00007fff64110000 - 0x00007fff64224000 	C:\WINDOWS\System32\RPCRT4.dll
0x00007fff63ab0000 - 0x00007fff63b21000 	C:\WINDOWS\System32\WS2_32.dll
0x00007fff60fa0000 - 0x00007fff60fed000 	C:\WINDOWS\SYSTEM32\POWRPROF.dll
0x00007fff5c270000 - 0x00007fff5c2a4000 	C:\WINDOWS\SYSTEM32\WINMM.dll
0x00007fff5c560000 - 0x00007fff5c56a000 	C:\WINDOWS\SYSTEM32\VERSION.dll
0x00007fff60f80000 - 0x00007fff60f93000 	C:\WINDOWS\SYSTEM32\UMPDC.dll
0x00007fff61240000 - 0x00007fff61258000 	C:\WINDOWS\SYSTEM32\kernel.appcore.dll
0x00007fff4f8b0000 - 0x00007fff4f8ba000 	C:\Program Files\Microsoft\jdk-17.0.13.11-hotspot\bin\jimage.dll
0x00007fff5f9b0000 - 0x00007fff5fbe2000 	C:\WINDOWS\SYSTEM32\DBGHELP.DLL
0x00007fff62ed0000 - 0x00007fff6325f000 	C:\WINDOWS\System32\combase.dll
0x00007fff64030000 - 0x00007fff64107000 	C:\WINDOWS\System32\OLEAUT32.dll
0x00007fff55680000 - 0x00007fff556b2000 	C:\WINDOWS\SYSTEM32\dbgcore.DLL
0x00007fff62480000 - 0x00007fff624fb000 	C:\WINDOWS\System32\bcryptPrimitives.dll
0x00007fff31db0000 - 0x00007fff31dd5000 	C:\Program Files\Microsoft\jdk-17.0.13.11-hotspot\bin\java.dll

dbghelp: loaded successfully - version: 4.0.5 - missing functions: none
symbol engine: initialized successfully - sym options: 0x614 - pdb path: .;C:\Program Files\Microsoft\jdk-17.0.13.11-hotspot\bin;C:\WINDOWS\SYSTEM32;C:\WINDOWS\WinSxS\amd64_microsoft.windows.common-controls_6595b64144ccf1df_6.0.22621.4391_none_2715d37f73803e96;C:\Program Files\Microsoft\jdk-17.0.13.11-hotspot\bin\server

VM Arguments:
java_command: com.google.prefab.cli.AppKt --build-system cmake --platform android --abi arm64-v8a --os-version 24 --stl c++_shared --ndk-version 26 --output C:\\Users\\sahil\\AppData\\Local\\Temp\\agp-prefab-staging13422152150411516593\\staged-cli-output C:\\Users\\sahil\\.gradle\\caches\\8.10.2\\transforms\\53ca3ec166779873078450fc2e43b919\\transformed\\react-android-0.76.1-debug\\prefab C:\\Users\\sahil\\.gradle\\caches\\8.10.2\\transforms\\a3e9d651bc510bdf1b43157f48206999\\transformed\\hermes-android-0.76.1-debug\\prefab C:\\Users\\sahil\\.gradle\\caches\\8.10.2\\transforms\\eb4b98dea289284ca2b26e9265bd49ab\\transformed\\fbjni-0.6.0\\prefab
java_class_path (initial): C:\\Users\\sahil\\.gradle\\caches\\modules-2\\files-2.1\\com.google.prefab\\cli\\2.1.0\\aa32fec809c44fa531f01dcfb739b5b3304d3050\\cli-2.1.0-all.jar
Launcher Type: SUN_STANDARD

[Global flags]
     intx CICompilerCount                          = 12                                        {product} {ergonomic}
     uint ConcGCThreads                            = 3                                         {product} {ergonomic}
     uint G1ConcRefinementThreads                  = 13                                        {product} {ergonomic}
   size_t G1HeapRegionSize                         = 2097152                                   {product} {ergonomic}
    uintx GCDrainStackTargetSize                   = 64                                        {product} {ergonomic}
   size_t InitialHeapSize                          = 266338304                                 {product} {ergonomic}
   size_t MarkStackSize                            = 4194304                                   {product} {ergonomic}
   size_t MaxHeapSize                              = 4257218560                                {product} {ergonomic}
   size_t MinHeapDeltaBytes                        = 2097152                                   {product} {ergonomic}
   size_t MinHeapSize                              = 8388608                                   {product} {ergonomic}
    uintx NonNMethodCodeHeapSize                   = 7602480                                {pd product} {ergonomic}
    uintx NonProfiledCodeHeapSize                  = 122027880                              {pd product} {ergonomic}
    uintx ProfiledCodeHeapSize                     = 122027880                              {pd product} {ergonomic}
    uintx ReservedCodeCacheSize                    = 251658240                              {pd product} {ergonomic}
     bool SegmentedCodeCache                       = true                                      {product} {ergonomic}
   size_t SoftMaxHeapSize                          = 4257218560                             {manageable} {ergonomic}
     bool UseCompressedClassPointers               = true                           {product lp64_product} {ergonomic}
     bool UseCompressedOops                        = true                           {product lp64_product} {ergonomic}
     bool UseG1GC                                  = true                                      {product} {ergonomic}
     bool UseLargePagesIndividualAllocation        = false                                  {pd product} {ergonomic}

Logging:
Log output configuration:
 #0: stdout all=warning uptime,level,tags
 #1: stderr all=off uptime,level,tags

Environment Variables:
JAVA_HOME=C:\Program Files\Microsoft\jdk-17.0.13.11-hotspot\
CLASSPATH=E:\React Native\react-native\Styler02\android\\gradle\wrapper\gradle-wrapper.jar
PATH=E:\React Native\react-native\Styler02\node_modules\.bin;E:\React Native\react-native\Styler02\node_modules\.bin;E:\React Native\react-native\node_modules\.bin;E:\React Native\node_modules\.bin;E:\node_modules\.bin;C:\Users\sahil\AppData\Roaming\npm\node_modules\npm\node_modules\@npmcli\run-script\lib\node-gyp-bin;E:\React Native\react-native\Styler02\node_modules\.bin;E:\React Native\react-native\Styler02\node_modules\.bin;E:\React Native\react-native\node_modules\.bin;E:\React Native\node_modules\.bin;E:\node_modules\.bin;C:\Users\sahil\AppData\Roaming\npm\node_modules\npm\node_modules\@npmcli\run-script\lib\node-gyp-bin;C:\Program Files\Microsoft\jdk-17.0.13.11-hotspot\bin;C:\Program Files\Common Files\Oracle\Java\javapath;C:\WINDOWS\system32;C:\WINDOWS;C:\WINDOWS\System32\Wbem;C:\WINDOWS\System32\WindowsPowerShell\v1.0\;C:\WINDOWS\System32\OpenSSH\;C:\xampp\php;C:\ProgramData\ComposerSetup\bin;C:\Program Files\dotnet\;C:\Program Files (x86)\dotnet\;C:\Program Files\Git\cmd;C:\WINDOWS\system32;C:\WINDOWS;C:\WINDOWS\System32\Wbem;C:\WINDOWS\System32\WindowsPowerShell\v1.0\;C:\WINDOWS\System32\OpenSSH\;C:\Program Files (x86)\NVIDIA Corporation\PhysX\Common;C:\Program Files\NVIDIA Corporation\NVIDIA NvDLISR;C:\ProgramData\chocolatey\bin;C:\Program Files\nodejs\;C:\Users\sahil\AppData\Local\Android\Sdk;C:\Users\sahil\AppData\Local\Android\Sdk\emulator;C:\Users\sahil\AppData\Local\Android\Sdk\platforms;C:\Users\sahil\AppData\Local\Android\Sdk\tools;C:\Users\sahil\AppData\Local\Android\Sdk\tools\bin;C:\Users\sahil\AppData\Local\Microsoft\WindowsApps;;C:\Users\sahil\AppData\Local\Programs\Microsoft VS Code\bin;C:\Users\sahil\AppData\Roaming\Composer\vendor\bin;C:\Program Files\JetBrains\IntelliJ IDEA Community Edition 2023.3.3\bin;;C:\Users\sahil\AppData\Roaming\npm
USERNAME=DevilDeveloper
LANG=en_US.UTF-8
OS=Windows_NT
PROCESSOR_IDENTIFIER=Intel64 Family 6 Model 141 Stepping 1, GenuineIntel
TMP=C:\Users\sahil\AppData\Local\Temp
TEMP=C:\Users\sahil\AppData\Local\Temp



Periodic native trim disabled


---------------  S Y S T E M  ---------------

OS:
 Windows 11 , 64 bit Build 22621 (10.0.22621.4391)
OS uptime: 1 days 15:17 hours
Hyper-V role detected

CPU: total 16 (initial active 16) (8 cores per cpu, 2 threads per core) family 6 model 141 stepping 1 microcode 0x32, cx8, cmov, fxsr, ht, mmx, 3dnowpref, sse, sse2, sse3, ssse3, sse4.1, sse4.2, popcnt, lzcnt, tsc, tscinvbit, avx, avx2, aes, erms, clmul, bmi1, bmi2, adx, avx512f, avx512dq, avx512cd, avx512bw, avx512vl, sha, fma, vzeroupper, avx512_vpopcntdq, avx512_vpclmulqdq, avx512_vaes, avx512_vnni, clflush, clflushopt, clwb, avx512_vbmi2, avx512_vbmi, hv
Processor Information for the first 16 processors :
  Max Mhz: 2304, Current Mhz: 2304, Mhz Limit: 2304

Memory: 4k page, system-wide physical 16235M (1596M free)
TotalPageFile size 18283M (AvailPageFile size 183M)
current process WorkingSet (physical memory assigned to process): 11M, peak: 11M
current process commit charge ("private bytes"): 71M, peak: 325M

vm_info: OpenJDK 64-Bit Server VM (17.0.13+11-LTS) for windows-amd64 JRE (17.0.13+11-LTS), built on Oct 11 2024 23:25:05 by "MicrosoftCorporation" with unknown MS VC++:1939

END.
